<?xml version="1.0" encoding="UTF-8"?>
<!-- Generated by org.testng.reporters.JUnitReportReporter -->
<testsuite skipped="0" hostname="DIN65000158" name="com.tests.LoginTest" tests="2" failures="0" timestamp="07 May 2019 06:26:44 GMT" time="126.616" errors="0">
  <testcase name="loginuser" time="64.599" classname="com.tests.LoginTest"/>
  <testcase name="loginuser" time="62.017" classname="com.tests.LoginTest"/>
</testsuite> <!-- com.tests.LoginTest -->
