<?xml version="1.0" encoding="UTF-8"?>
<!-- Generated by org.testng.reporters.JUnitReportReporter -->
<testsuite skipped="0" hostname="DIN65000158" name="com.tests.LoginTest" tests="2" failures="0" timestamp="07 May 2019 09:25:50 GMT" time="52.614" errors="0">
  <testcase name="loginuser" time="37.386" classname="com.tests.LoginTest"/>
  <testcase name="loginuser" time="15.228" classname="com.tests.LoginTest"/>
</testsuite> <!-- com.tests.LoginTest -->
