<?xml version="1.0" encoding="UTF-8"?>
<!-- Generated by org.testng.reporters.JUnitReportReporter -->
<testsuite skipped="0" hostname="DIN65000164" name="com.tests.LoginTest" tests="1" failures="0" timestamp="30 Apr 2019 04:32:44 GMT" time="32.953" errors="0">
  <testcase name="loginuser" time="32.953" classname="com.tests.LoginTest"/>
</testsuite> <!-- com.tests.LoginTest -->
