<?xml version="1.0" encoding="UTF-8"?>
<!-- Generated by org.testng.reporters.JUnitReportReporter -->
<testsuite skipped="0" hostname="DIN65000164" name="com.pages.BrowserLaunch" tests="1" failures="0" timestamp="29 Apr 2019 07:27:05 GMT" time="2.658" errors="0">
  <testcase name="openbrowser" time="2.658" classname="com.pages.BrowserLaunch"/>
</testsuite> <!-- com.pages.BrowserLaunch -->
