<?xml version="1.0" encoding="UTF-8"?>
<!-- Generated by org.testng.reporters.JUnitReportReporter -->
<testsuite skipped="0" hostname="DIN65000164" name="com.pages.BrowserLaunch" tests="1" failures="0" timestamp="26 Apr 2019 07:57:31 GMT" time="11.940" errors="0">
  <testcase name="launchbrowser" time="11.940" classname="com.pages.BrowserLaunch"/>
</testsuite> <!-- com.pages.BrowserLaunch -->
